<?xml version="1.0" encoding="UTF-8"?>
<!-- Generated by org.testng.reporters.JUnitReportReporter -->
<testsuite hostname="AR5CG8353JXW" name="AutomatedTestCases.Facebook" tests="2" failures="0" timestamp="1 Apr 2019 21:15:10 GMT" time="54.277" errors="0">
  <testcase name="loginSuccess" time="36.685" classname="AutomatedTestCases.Facebook"/>
  <testcase name="loginFailed" time="17.592" classname="AutomatedTestCases.Facebook"/>
</testsuite> <!-- AutomatedTestCases.Facebook -->
